<?xml version="1.0" encoding="UTF-8"?>
<!-- Generated by org.testng.reporters.JUnitXMLReporter -->
<testsuite hostname="Krishnas-MBP.hsd1.ut.comcast.net" failures="0" tests="2" name="Command line test" time="0.011" errors="0" timestamp="8 Mar 2019 08:44:07 GMT">
  <testcase classname="themoviedb.org.projecttest.OneMovieSmokeTest" name="movieData" time="0.005">
    <skipped/>
  </testcase> <!-- movieData -->
  <testcase classname="themoviedb.org.projecttest.OneMovieSmokeTest" name="movieRequestok" time="0.0">
    <skipped/>
  </testcase> <!-- movieRequestok -->
</testsuite> <!-- Command line test -->
